<?xml version="1.0" encoding="UTF-8"?>
<!-- Generated by org.testng.reporters.JUnitReportReporter -->
<testsuite hostname="Mahesh" failures="0" tests="3" name="Test.PinPageTest" time="22.279" errors="0" timestamp="2022-06-18T22:15:39 IST" skipped="0">
  <testcase classname="Test.PinPageTest" name="clickOnSignUpLinkTest" time="6.903"/>
  <system-out/>
  <testcase classname="Test.PinPageTest" name="loginToZerodhaWithPinTest" time="7.048"/>
  <system-out/>
  <testcase classname="Test.PinPageTest" name="clickOnForgetPasswordLinkTest" time="8.328"/>
  <system-out/>
</testsuite> <!-- Test.PinPageTest -->
