<?xml version="1.0" encoding="UTF-8"?>
<!-- Generated by org.testng.reporters.JUnitReportReporter -->
<testsuite hostname="Mahesh" failures="0" tests="1" name="Test.DemoTest" time="30.641" errors="0" timestamp="2022-06-13T22:42:00 IST" skipped="0">
  <testcase classname="Test.DemoTest" name="BuyStockWithSLOrderTest" time="30.641"/>
  <system-out/>
</testsuite> <!-- Test.DemoTest -->
