<?xml version="1.0" encoding="UTF-8"?>
<!-- Generated by org.testng.reporters.JUnitReportReporter -->
<testsuite hostname="Mahesh" failures="0" tests="2" name="Test.ForgotIDAndPasswordPageTest" time="42.481" errors="0" timestamp="2022-06-08T08:37:51 IST" skipped="0">
  <testcase classname="Test.ForgotIDAndPasswordPageTest" name="clickOnIForgotMyUserIdRadioButtonTest" time="20.533"/>
  <system-out/>
  <testcase classname="Test.ForgotIDAndPasswordPageTest" name="clickOnIRememberMyUserIDRadioButtonTest" time="21.948"/>
  <system-out/>
</testsuite> <!-- Test.ForgotIDAndPasswordPageTest -->
