<?xml version="1.0" encoding="UTF-8"?>
<!-- Generated by org.testng.reporters.JUnitReportReporter -->
<testsuite hostname="Mahesh" failures="0" tests="1" name="Test.Demo_T" time="31.546" errors="0" timestamp="2022-06-14T23:11:04 IST" skipped="0">
  <testcase classname="Test.Demo_T" name="StockBuyWithLongtermTest" time="31.546"/>
  <system-out/>
</testsuite> <!-- Test.Demo_T -->
