<?xml version="1.0" encoding="UTF-8"?>
<!-- Generated by org.testng.reporters.JUnitReportReporter -->
<testsuite hostname="Mahesh" failures="0" tests="1" name="Test.HomePageTest" time="31.021" errors="0" timestamp="2022-06-13T19:29:19 IST" skipped="0">
  <testcase classname="Test.HomePageTest" name="loginToZerodhaWithPinTest" time="31.021"/>
  <system-out/>
</testsuite> <!-- Test.HomePageTest -->
