<?xml version="1.0" encoding="UTF-8"?>
<!-- Generated by org.testng.reporters.JUnitReportReporter -->
<testsuite hostname="Mahesh" failures="0" tests="1" name="Test.HomePageTest1" time="27.624" errors="0" timestamp="2022-06-15T17:18:57 IST" skipped="0">
  <testcase classname="Test.HomePageTest1" name="BuyStockWithSLOrderTest" time="27.624"/>
  <system-out/>
</testsuite> <!-- Test.HomePageTest1 -->
