<?xml version="1.0" encoding="UTF-8"?>
<!-- Generated by org.testng.reporters.JUnitReportReporter -->
<testsuite hostname="Mahesh" failures="0" tests="2" name="Test.SignUpPageTest" time="39.627" errors="0" timestamp="2022-06-08T08:45:02 IST" skipped="0">
  <testcase classname="Test.SignUpPageTest" name="ContinueWithMobileNumberTest" time="20.252"/>
  <system-out/>
  <testcase classname="Test.SignUpPageTest" name="checkWantToOpenNRIAccountLinkTest" time="19.375"/>
  <system-out/>
</testsuite> <!-- Test.SignUpPageTest -->
